<?xml version="1.0" encoding="UTF-8"?>
<!-- Generated by org.testng.reporters.JUnitReportReporter -->
<testsuite hostname="DESKTOP-11OMJVP" failures="0" tests="1" name="com.actitime.TestNG.DemoScreenShot" time="7.780" errors="0" timestamp="2023-07-14T23:55:07 IST" skipped="0">
  <testcase classname="com.actitime.TestNG.DemoScreenShot" name="screenShotI" time="7.780"/>
</testsuite> <!-- com.actitime.TestNG.DemoScreenShot -->
