<?xml version="1.0" encoding="UTF-8"?>
<!-- Generated by org.testng.reporters.JUnitReportReporter -->
<testsuite hostname="DESKTOP-11OMJVP" failures="0" tests="1" name="com.actitime.TestNG.DemoTestNG" time="0.009" errors="0" timestamp="2023-07-13T08:43:15 IST" skipped="0">
  <testcase classname="com.actitime.TestNG.DemoTestNG" name="demo" time="0.009">
    <system-out>
      <![CDATA[Welcom to TestNG
Bye
hello]]>
    </system-out>
  </testcase> <!-- demo -->
  <system-out>
    <![CDATA[CreateProject
CreateProject
CreateProject
ModifyProject
DeleteProject
Welcom to TestNG
Bye
hello
CreateTask
CreateTask
CreateTask
ModifyTask
DeleteTask
CreateCustomer
CreateCustomer
CreateCustomer
ModifyCustomer
DeleteCustomer]]>
  </system-out>
</testsuite> <!-- com.actitime.TestNG.DemoTestNG -->
