<?xml version="1.0" encoding="UTF-8"?>
<!-- Generated by org.testng.reporters.JUnitReportReporter -->
<testsuite hostname="DESKTOP-11OMJVP" failures="0" tests="5" name="com.actitime.TestNG.TaskModule" time="0.016" errors="0" timestamp="2023-07-13T08:45:41 IST" skipped="0">
  <testcase classname="com.actitime.TestNG.TaskModule" name="CreateTask" time="0.003">
    <system-out>
      <![CDATA[CreateTask]]>
    </system-out>
  </testcase> <!-- CreateTask -->
  <testcase classname="com.actitime.TestNG.TaskModule" name="CreateTask" time="0.002">
    <system-out>
      <![CDATA[CreateTask]]>
    </system-out>
  </testcase> <!-- CreateTask -->
  <testcase classname="com.actitime.TestNG.TaskModule" name="CreateTask" time="0.003">
    <system-out>
      <![CDATA[CreateTask]]>
    </system-out>
  </testcase> <!-- CreateTask -->
  <testcase classname="com.actitime.TestNG.TaskModule" name="ModifyTask" time="0.004">
    <system-out>
      <![CDATA[ModifyTask]]>
    </system-out>
  </testcase> <!-- ModifyTask -->
  <testcase classname="com.actitime.TestNG.TaskModule" name="DeleteTask" time="0.004">
    <system-out>
      <![CDATA[DeleteTask]]>
    </system-out>
  </testcase> <!-- DeleteTask -->
  <system-out>
    <![CDATA[CreateProject
CreateProject
CreateProject
ModifyProject
DeleteProject
CreateTask
CreateTask
CreateTask
ModifyTask
DeleteTask
CreateCustomer
CreateCustomer
CreateCustomer
ModifyCustomer
DeleteCustomer]]>
  </system-out>
</testsuite> <!-- com.actitime.TestNG.TaskModule -->
