<?xml version="1.0" encoding="UTF-8"?>
<!-- Generated by org.testng.reporters.JUnitReportReporter -->
<testsuite hostname="DESKTOP-11OMJVP" failures="0" tests="1" name="com.actitime.TestNG.DemoAsserstion1" time="83.856" errors="0" timestamp="2023-07-15T21:24:50 IST" skipped="0">
  <testcase classname="com.actitime.TestNG.DemoAsserstion1" name="verifyTitle" time="83.856"/>
</testsuite> <!-- com.actitime.TestNG.DemoAsserstion1 -->
