<?xml version="1.0" encoding="UTF-8"?>
<!-- Generated by org.testng.reporters.JUnitReportReporter -->
<testsuite hostname="DESKTOP-11OMJVP" failures="0" tests="1" name="com.actitime.pom.LoginDriver" time="19.503" errors="0" timestamp="2023-07-21T21:24:21 IST" skipped="0">
  <testcase classname="com.actitime.pom.LoginDriver" name="validlogin" time="19.503"/>
</testsuite> <!-- com.actitime.pom.LoginDriver -->
