<?xml version="1.0" encoding="UTF-8"?>
<!-- Generated by org.testng.reporters.JUnitReportReporter -->
<testsuite hostname="DESKTOP-11OMJVP" failures="0" tests="2" name="com.actitime.TestNG.CustomerModule" time="10.263" errors="0" timestamp="2023-07-19T21:15:44 IST" skipped="0">
  <testcase classname="com.actitime.TestNG.CustomerModule" name="CreateCustomer" time="6.002">
    <system-out>
      <![CDATA[CreateCustomer]]>
    </system-out>
  </testcase> <!-- CreateCustomer -->
  <testcase classname="com.actitime.TestNG.CustomerModule" name="deleteCustomer" time="4.261">
    <system-out>
      <![CDATA[deleteCustomer]]>
    </system-out>
  </testcase> <!-- deleteCustomer -->
  <system-out>
    <![CDATA[openBrowser
login
CreateCustomer
logout
login
deleteCustomer
logout
closeBrowser]]>
  </system-out>
</testsuite> <!-- com.actitime.TestNG.CustomerModule -->
