<?xml version="1.0" encoding="UTF-8"?>
<!-- Generated by org.testng.reporters.JUnitReportReporter -->
<testsuite hostname="DESKTOP-11OMJVP" failures="0" tests="1" name="com.actitime.TestNG.DemoOpenActitimeByinherit" time="7.447" errors="0" timestamp="2023-07-14T23:43:40 IST" skipped="0">
  <testcase classname="com.actitime.TestNG.DemoOpenActitimeByinherit" name="openDriver" time="7.447">
    <system-out>
      <![CDATA[OpenDriver]]>
    </system-out>
  </testcase> <!-- openDriver -->
  <system-out>
    <![CDATA[openBrowser
login
OpenDriver
logout
closeBrowser]]>
  </system-out>
</testsuite> <!-- com.actitime.TestNG.DemoOpenActitimeByinherit -->
