<?xml version="1.0" encoding="UTF-8"?>
<!-- Generated by org.testng.reporters.JUnitReportReporter -->
<testsuite hostname="DESKTOP-11OMJVP" failures="0" tests="1" name="com.actitime.TestNG.AssertionDemo" time="7.370" errors="0" timestamp="2023-07-15T21:30:55 IST" skipped="0">
  <testcase classname="com.actitime.TestNG.AssertionDemo" name="verifyTitle" time="7.370"/>
</testsuite> <!-- com.actitime.TestNG.AssertionDemo -->
