<?xml version="1.0" encoding="UTF-8"?>
<!-- Generated by org.testng.reporters.JUnitReportReporter -->
<testsuite hostname="DESKTOP-11OMJVP" failures="0" tests="5" name="com.actitime.TestNG.ProjectModule" time="0.025" errors="0" timestamp="2023-07-13T08:45:41 IST" skipped="0">
  <testcase classname="com.actitime.TestNG.ProjectModule" name="CreateProject" time="0.002">
    <system-out>
      <![CDATA[CreateProject]]>
    </system-out>
  </testcase> <!-- CreateProject -->
  <testcase classname="com.actitime.TestNG.ProjectModule" name="CreateProject" time="0.015">
    <system-out>
      <![CDATA[CreateProject]]>
    </system-out>
  </testcase> <!-- CreateProject -->
  <testcase classname="com.actitime.TestNG.ProjectModule" name="CreateProject" time="0.003">
    <system-out>
      <![CDATA[CreateProject]]>
    </system-out>
  </testcase> <!-- CreateProject -->
  <testcase classname="com.actitime.TestNG.ProjectModule" name="ModifyProject" time="0.003">
    <system-out>
      <![CDATA[ModifyProject]]>
    </system-out>
  </testcase> <!-- ModifyProject -->
  <testcase classname="com.actitime.TestNG.ProjectModule" name="DeleteProject" time="0.002">
    <system-out>
      <![CDATA[DeleteProject]]>
    </system-out>
  </testcase> <!-- DeleteProject -->
  <system-out>
    <![CDATA[CreateProject
CreateProject
CreateProject
ModifyProject
DeleteProject
CreateTask
CreateTask
CreateTask
ModifyTask
DeleteTask
CreateCustomer
CreateCustomer
CreateCustomer
ModifyCustomer
DeleteCustomer]]>
  </system-out>
</testsuite> <!-- com.actitime.TestNG.ProjectModule -->
